C51 COMPILER V9.56.0.0   DELAY                                                             01/02/2019 22:57:31 PAGE 1   


C51 COMPILER V9.56.0.0, COMPILATION OF MODULE DELAY
OBJECT MODULE PLACED IN ..\OBJ\delay.obj
COMPILER INVOKED BY: D:\Program Files (x86)\Keil_v5\C51\BIN\C51.EXE ..\SYSTEM\delay\delay.c OPTIMIZE(8,SPEED) BROWSE INC
                    -DIR(..\USER;..\SYSTEM;..\SYSTEM\delay;..\SYSTEM\uart;..\SYSTEM\adc;..\SYSTEM\eeprom;..\SYSTEM\timer;..\SYSTEM\pca;..\SYS
                    -TEM\spi;..\HARDWARE\NRF24L01;..\HARDWARE\Rocker;..\APP\NRF_DT) DEFINE(STC_Y5,FOSC=11059200L,UART_BAUD=115200,UART_PARITY
                    -BIT=ODD_PARITY,TEST_MODE=1,NRF_CAR_SLAVE,ROCKER_SUM=1) DEBUG OBJECTEXTEND PRINT(.\Listings\delay.lst) OBJECT(..\OBJ\dela
                    -y.obj)

line level    source

   1          /**********************************************************************
   2          -  File name : delay.c
   3          -  Author : yueling_liu Version: 0.1    Date: 2018年10月01日星期一
   4          -  Description :        延时函数定义
   5          -  Function List :      
   6             1. void delay_us(const uint16_t xus);//us delay
   7             2. void delay_ms(const uint16_t xms);//ms delay
   8          -  History :
   9             NO.<author>          <time>          <version>       <desc>
  10             1.yueling_liu        18/10/01        0.1                     project initial
  11          **********************************************************************/
  12          
  13          //--Header File--//
  14          #include "delay.h"
  15          
  16          #ifdef STC_Y5
  17          #if (FOSC == 11059200L)
  18          /**********************************************************************
  19          -  Function :           void SoftDelay500ms(void)
  20          -  Description :        500毫秒延时函数
  21          -  Input :                      void
  22          -  Return :                     void
  23          -  Others :                     @11.0592MHz
  24          **********************************************************************/
  25          
  26          void Delay10us(void)            //@11.0592MHz
  27          {
  28   1              unsigned char i;
  29   1      
  30   1              _nop_();
  31   1              i = 25;
  32   1              while (--i);
  33   1      }
  34          
  35          void Delay100us(void)           //@11.0592MHz
  36          {
  37   1              unsigned char i, j;
  38   1      
  39   1              _nop_();
  40   1              _nop_();
  41   1              i = 2;
  42   1              j = 15;
  43   1              do
  44   1              {
  45   2                      while (--j);
  46   2              } while (--i);
  47   1      }
  48          
  49          void Delay5ms(void)             //@11.0592MHz
  50          {
  51   1              unsigned char i, j;
C51 COMPILER V9.56.0.0   DELAY                                                             01/02/2019 22:57:31 PAGE 2   

  52   1      
  53   1              i = 54;
  54   1              j = 199;
  55   1              do
  56   1              {
  57   2                      while (--j);
  58   2              } while (--i);
  59   1      }
  60          
  61          void Delay10ms(void)            //@11.0592MHz
  62          {
  63   1              unsigned char i, j;
  64   1      
  65   1              i = 108;
  66   1              j = 145;
  67   1              do
  68   1              {
  69   2                      while (--j);
  70   2              } while (--i);
  71   1      }
  72          
  73          void Delay200ms(void)           //@11.0592MHz
  74          {
  75   1              unsigned char i, j, k;
  76   1      
  77   1              _nop_();
  78   1              _nop_();
  79   1              i = 9;
  80   1              j = 104;
  81   1              k = 139;
  82   1              do
  83   1              {
  84   2                      do
  85   2                      {
  86   3                              while (--k);
  87   3                      } while (--j);
  88   2              } while (--i);
  89   1      }
  90          
  91          void SoftDelay500ms(void)               
  92          {
  93   1              unsigned char i, j, k;
  94   1      
  95   1              _nop_();
  96   1              _nop_();
  97   1              i = 22;
  98   1              j = 3;
  99   1              k = 227;
 100   1              do
 101   1              {
 102   2                      do
 103   2                      {
 104   3                              while (--k);
 105   3                      } while (--j);
 106   2              } while (--i);
 107   1      }
 108          
 109          #endif
 110          #endif
 111          
 112          void Delay(uint16_t n)
 113          {
C51 COMPILER V9.56.0.0   DELAY                                                             01/02/2019 22:57:31 PAGE 3   

 114   1          uint16_t x;
 115   1      
 116   1          while (n--)
 117   1          {
 118   2              x = 5000;
 119   2              while (x--);
 120   2          }
 121   1      }


MODULE INFORMATION:   STATIC OVERLAYABLE
   CODE SIZE        =     92    ----
   CONSTANT SIZE    =   ----    ----
   XDATA SIZE       =   ----    ----
   PDATA SIZE       =   ----    ----
   DATA SIZE        =   ----    ----
   IDATA SIZE       =   ----    ----
   BIT SIZE         =   ----    ----
END OF MODULE INFORMATION.


C51 COMPILATION COMPLETE.  0 WARNING(S),  0 ERROR(S)
