C51 COMPILER V9.56.0.0   TIMER                                                             01/02/2019 22:57:31 PAGE 1   


C51 COMPILER V9.56.0.0, COMPILATION OF MODULE TIMER
OBJECT MODULE PLACED IN ..\OBJ\timer.obj
COMPILER INVOKED BY: D:\Program Files (x86)\Keil_v5\C51\BIN\C51.EXE ..\SYSTEM\timer\timer.c OPTIMIZE(8,SPEED) BROWSE INC
                    -DIR(..\USER;..\SYSTEM;..\SYSTEM\delay;..\SYSTEM\uart;..\SYSTEM\adc;..\SYSTEM\eeprom;..\SYSTEM\timer;..\SYSTEM\pca;..\SYS
                    -TEM\spi;..\HARDWARE\NRF24L01;..\HARDWARE\Rocker;..\APP\NRF_DT) DEFINE(STC_Y5,FOSC=11059200L,UART_BAUD=115200,UART_PARITY
                    -BIT=ODD_PARITY,TEST_MODE=1,NRF_CAR_SLAVE,ROCKER_SUM=1) DEBUG OBJECTEXTEND PRINT(.\Listings\timer.lst) OBJECT(..\OBJ\time
                    -r.obj)

line level    source

   1          #include "timer.h"
   2          
   3          
   4          #define T0H_Buff 0xD4   //500us
   5          #define T0L_Buff 0xCD
   6          
   7          
   8          volatile bit Delay_Time0_500ms_Flag = 0;
   9          void Timer0_1MS_Init(void)
  10          {
  11   1              AUXR |= 0x80;           //定时器时钟1T模式
  12   1              TMOD &= 0xF0;           //设置定时器模式
  13   1              TL0 = T0L_Buff;         //设置定时初值
  14   1              TH0 = T0H_Buff;         //设置定时初值
  15   1              TF0 = 0;                        //清除TF0标志
  16   1              ET0 = 1;                //使能T0中断
  17   1              TR0 = 1;                        //启动T0
  18   1      
  19   1      }
  20          
  21          /**********************************************************************
  22          -  Function :           void Time0_interruption() interrupt 1
  23          -  Description :        定时器0定时中断函数
  24          -  Input :                      void
  25          -  Return :                     void    
  26          -  Others :                     T0计时; 中断1;
  27          **********************************************************************/
  28          void Time0_Interruption(void) interrupt 1
  29          {
  30   1              static volatile uint16_t Delay_Count_Buff = 0;
  31   1              
  32   1              Delay_Count_Buff++;
  33   1              
  34   1              if(Delay_Count_Buff >= 1000)    
  35   1              {
  36   2                      Delay_Count_Buff = 0;
  37   2                      
  38   2                      Delay_Time0_500ms_Flag = 1;
  39   2              }
  40   1      }
  41          


MODULE INFORMATION:   STATIC OVERLAYABLE
   CODE SIZE        =     55    ----
   CONSTANT SIZE    =   ----    ----
   XDATA SIZE       =   ----    ----
   PDATA SIZE       =   ----    ----
   DATA SIZE        =      2    ----
   IDATA SIZE       =   ----    ----
   BIT SIZE         =      1    ----
C51 COMPILER V9.56.0.0   TIMER                                                             01/02/2019 22:57:31 PAGE 2   

END OF MODULE INFORMATION.


C51 COMPILATION COMPLETE.  0 WARNING(S),  0 ERROR(S)
